154 : 2024-09-25 20:34:23,726 : INFO : telemetry.main : Attempt start. Configuration directory [/home/juan/.azure]. Cache directory [/home/juan/.azure/telemetry/20240925203423606].
154 : 2024-09-25 20:34:23,727 : INFO : telemetry.records : 1 cache files to upload.
154 : 2024-09-25 20:34:23,727 : INFO : telemetry.records : Processed file /home/juan/.azure/telemetry/20240925203423606/cache into 1 records.
154 : 2024-09-25 20:34:23,727 : INFO : telemetry.records : Remove directory /home/juan/.azure/telemetry/20240925203423606
154 : 2024-09-25 20:34:23,727 : INFO : telemetry.client : Accumulated 1 events. Flush the clients.
154 : 2024-09-25 20:34:23,728 : INFO : telemetry.client : Flush client c4395b75-49cc-422c-bc95-c7d51aef5d46.
154 : 2024-09-25 20:34:23,935 : INFO : telemetry.sender : Sending 4280 bytes
154 : 2024-09-25 20:34:23,936 : INFO : telemetry.sender : Finish uploading in 0.208130 seconds.
185 : 2024-09-25 20:34:25,450 : INFO : telemetry.main : Attempt start. Configuration directory [/home/juan/.azure]. Cache directory [/home/juan/.azure/telemetry/20240925203425318].
185 : 2024-09-25 20:34:25,450 : INFO : telemetry.records : 1 cache files to upload.
185 : 2024-09-25 20:34:25,450 : INFO : telemetry.records : Processed file /home/juan/.azure/telemetry/20240925203425318/cache into 1 records.
185 : 2024-09-25 20:34:25,450 : INFO : telemetry.records : Remove directory /home/juan/.azure/telemetry/20240925203425318
185 : 2024-09-25 20:34:25,451 : INFO : telemetry.client : Accumulated 1 events. Flush the clients.
185 : 2024-09-25 20:34:25,451 : INFO : telemetry.client : Flush client c4395b75-49cc-422c-bc95-c7d51aef5d46.
185 : 2024-09-25 20:34:25,638 : INFO : telemetry.sender : Sending 4180 bytes
185 : 2024-09-25 20:34:25,639 : INFO : telemetry.sender : Finish uploading in 0.187920 seconds.
194 : 2024-09-25 20:34:25,671 : INFO : telemetry.main : Attempt start. Configuration directory [/home/juan/.azure]. Cache directory [/home/juan/.azure/telemetry/20240925203425554].
194 : 2024-09-25 20:34:25,672 : INFO : telemetry.records : 1 cache files to upload.
194 : 2024-09-25 20:34:25,672 : INFO : telemetry.records : Processed file /home/juan/.azure/telemetry/20240925203425554/cache into 1 records.
194 : 2024-09-25 20:34:25,672 : INFO : telemetry.records : Remove directory /home/juan/.azure/telemetry/20240925203425554
194 : 2024-09-25 20:34:25,673 : INFO : telemetry.client : Accumulated 1 events. Flush the clients.
194 : 2024-09-25 20:34:25,673 : INFO : telemetry.client : Flush client c4395b75-49cc-422c-bc95-c7d51aef5d46.
210 : 2024-09-25 20:34:26,553 : INFO : telemetry.main : Attempt start. Configuration directory [/home/juan/.azure]. Cache directory [/home/juan/.azure/telemetry/20240925203426428].
210 : 2024-09-25 20:34:26,553 : INFO : telemetry.records : 1 cache files to upload.
210 : 2024-09-25 20:34:26,553 : INFO : telemetry.records : Processed file /home/juan/.azure/telemetry/20240925203426428/cache into 1 records.
210 : 2024-09-25 20:34:26,553 : INFO : telemetry.records : Remove directory /home/juan/.azure/telemetry/20240925203426428
210 : 2024-09-25 20:34:26,554 : INFO : telemetry.client : Accumulated 1 events. Flush the clients.
210 : 2024-09-25 20:34:26,554 : INFO : telemetry.client : Flush client c4395b75-49cc-422c-bc95-c7d51aef5d46.
210 : 2024-09-25 20:34:26,765 : INFO : telemetry.sender : Sending 4293 bytes
210 : 2024-09-25 20:34:26,766 : INFO : telemetry.sender : Finish uploading in 0.211908 seconds.
194 : 2024-09-25 20:34:35,751 : ERROR : telemetry.sender : Upload failed. OSError: <urlopen error timed out>
194 : 2024-09-25 20:34:35,753 : INFO : telemetry.sender : Finish uploading in 10.080147 seconds.
269 : 2024-09-25 20:35:58,196 : INFO : telemetry.main : Attempt start. Configuration directory [/home/juan/.azure]. Cache directory [/home/juan/.azure/telemetry/20240925203558094].
269 : 2024-09-25 20:35:58,197 : INFO : telemetry.records : 1 cache files to upload.
269 : 2024-09-25 20:35:58,197 : INFO : telemetry.records : Processed file /home/juan/.azure/telemetry/20240925203558094/cache into 1 records.
269 : 2024-09-25 20:35:58,197 : INFO : telemetry.records : Remove directory /home/juan/.azure/telemetry/20240925203558094
269 : 2024-09-25 20:35:58,198 : INFO : telemetry.client : Accumulated 1 events. Flush the clients.
269 : 2024-09-25 20:35:58,198 : INFO : telemetry.client : Flush client c4395b75-49cc-422c-bc95-c7d51aef5d46.
269 : 2024-09-25 20:35:58,395 : INFO : telemetry.sender : Sending 4300 bytes
269 : 2024-09-25 20:35:58,395 : INFO : telemetry.sender : Finish uploading in 0.197533 seconds.
329 : 2024-09-25 20:37:50,904 : INFO : telemetry.main : Attempt start. Configuration directory [/home/juan/.azure]. Cache directory [/home/juan/.azure/telemetry/20240925203750779].
329 : 2024-09-25 20:37:50,904 : INFO : telemetry.records : 1 cache files to upload.
329 : 2024-09-25 20:37:50,904 : INFO : telemetry.records : Processed file /home/juan/.azure/telemetry/20240925203750779/cache into 1 records.
329 : 2024-09-25 20:37:50,904 : INFO : telemetry.records : Remove directory /home/juan/.azure/telemetry/20240925203750779
329 : 2024-09-25 20:37:50,905 : INFO : telemetry.client : Accumulated 1 events. Flush the clients.
329 : 2024-09-25 20:37:50,905 : INFO : telemetry.client : Flush client c4395b75-49cc-422c-bc95-c7d51aef5d46.
329 : 2024-09-25 20:37:51,106 : INFO : telemetry.sender : Sending 4464 bytes
329 : 2024-09-25 20:37:51,106 : INFO : telemetry.sender : Finish uploading in 0.200708 seconds.
